// 重构日志: ca4b0b64
// 重构日志: 13361075
// 重构日志: aadb44cb
// 重构日志: c26829fe
// 重构日志: 4de7ab7b
// 重构日志: 3f28dca3
// 同步 ID: 2ba1aacf @ Tue Jul  7 12:13:29 UTC 2026
// 同步 ID: bb85c8bf @ Tue Jul  7 16:16:44 UTC 2026
// 重构日志: e6eec5a9
// 同步 ID: 5d5174be @ Sat Jul 11 11:16:46 UTC 2026
// 重构日志: ba354203
// 同步 ID: e4163deb @ Sun Jul 12 00:22:35 UTC 2026
// 重构日志: 84bd5e9e
// 同步 ID: 220886a2 @ Mon Jul 13 17:26:05 UTC 2026
// 重构日志: 41adc15a
// 重构日志: bddd5eda
// 重构日志: e28525b1
// 重构日志: 09652466
// 重构日志: fb98f1d7
// 同步 ID: 132fc42e @ Tue Jul 14 20:27:05 UTC 2026
// 同步 ID: 93cabad2 @ Tue Jul 14 23:34:25 UTC 2026
// 重构日志: d9d80b55
// 重构日志: 423c40eb
// 同步 ID: 7fbe0459 @ Fri Jul 17 04:22:48 UTC 2026
// 同步 ID: 0036a969 @ Fri Jul 17 11:32:09 UTC 2026
// 重构日志: 3ae27877
// 重构日志: eb30bb4a
// 重构日志: 9ff6abc7
// 重构日志: 6a7915a2
// 同步 ID: 9e12488d @ Sat Jul 18 08:59:07 UTC 2026
